<?xml version="1.0" encoding="UTF-8"?>
<!-- Generated by org.testng.reporters.JUnitReportReporter -->
<testsuite hostname="Motiurs-MBP.fios-router.home" failures="0" tests="11" name="testPages.HomePageTest" time="20.003" errors="0" timestamp="2022-10-06T14:23:40 EDT" skipped="10">
  <testcase classname="testPages.HomePageTest" name="use_of_getTitle_method_use_assertation" time="20.003"/>
  <system-out/>
  <testcase classname="testPages.HomePageTest" name="mouseHoverAction01">
    <skipped/>
  </testcase> <!-- mouseHoverAction01 -->
  <system-out/>
  <testcase classname="testPages.HomePageTest" name="dropdown_selectByIndex_method01">
    <skipped/>
  </testcase> <!-- dropdown_selectByIndex_method01 -->
  <system-out/>
  <testcase classname="testPages.HomePageTest" name="logoTest02">
    <skipped/>
  </testcase> <!-- logoTest02 -->
  <system-out/>
  <testcase classname="testPages.HomePageTest" name="logoTest01">
    <skipped/>
  </testcase> <!-- logoTest01 -->
  <system-out/>
  <testcase classname="testPages.HomePageTest" name="use_of_getTitle_method01">
    <skipped/>
  </testcase> <!-- use_of_getTitle_method01 -->
  <system-out/>
  <testcase classname="testPages.HomePageTest" name="logoTest04">
    <skipped/>
  </testcase> <!-- logoTest04 -->
  <system-out/>
  <testcase classname="testPages.HomePageTest" name="logoTest03">
    <skipped/>
  </testcase> <!-- logoTest03 -->
  <system-out/>
  <testcase classname="testPages.HomePageTest" name="logoTest">
    <skipped/>
  </testcase> <!-- logoTest -->
  <system-out/>
  <testcase classname="testPages.HomePageTest" name="dropdown_selectByIndex_method02">
    <skipped/>
  </testcase> <!-- dropdown_selectByIndex_method02 -->
  <system-out/>
  <testcase classname="testPages.HomePageTest" name="dropdown_selectByIndex_method03">
    <skipped/>
  </testcase> <!-- dropdown_selectByIndex_method03 -->
  <system-out/>
</testsuite> <!-- testPages.HomePageTest -->
